[0.173s] Invoking command in '/home/yungoon/ros2_study/build/my_first_package_msgs': CMAKE_PREFIX_PATH=/home/yungoon/ros2_study/install/my_first_package:/opt/ros/humble /usr/bin/cmake /home/yungoon/ros2_study/src/my_first_package_msgs -DCMAKE_INSTALL_PREFIX=/home/yungoon/ros2_study/install/my_first_package_msgs
[0.315s] -- The C compiler identification is GNU 11.4.0
[0.628s] -- The CXX compiler identification is GNU 11.4.0
[0.810s] -- Detecting C compiler ABI info
[0.889s] -- Detecting C compiler ABI info - done
[0.892s] -- Check for working C compiler: /usr/bin/cc - skipped
[0.893s] -- Detecting C compile features
[0.893s] -- Detecting C compile features - done
[0.895s] -- Detecting CXX compiler ABI info
[0.960s] -- Detecting CXX compiler ABI info - done
[0.963s] -- Check for working CXX compiler: /usr/bin/c++ - skipped
[0.963s] -- Detecting CXX compile features
[0.964s] -- Detecting CXX compile features - done
[0.970s] -- Found ament_cmake: 1.3.6 (/opt/ros/humble/share/ament_cmake/cmake)
[1.049s] -- Found Python3: /usr/bin/python3.10 (found version "3.10.12") found components: Interpreter 
[1.103s] -- Found rosidl_default_generators: 1.2.0 (/opt/ros/humble/share/rosidl_default_generators/cmake)
[1.106s] -- Using all available rosidl_typesupport_c: rosidl_typesupport_fastrtps_c;rosidl_typesupport_introspection_c
[1.111s] -- Found rosidl_adapter: 3.1.5 (/opt/ros/humble/share/rosidl_adapter/cmake)
[1.203s] -- Using all available rosidl_typesupport_cpp: rosidl_typesupport_fastrtps_cpp;rosidl_typesupport_introspection_cpp
[1.340s] -- Found ament_cmake_ros: 0.10.0 (/opt/ros/humble/share/ament_cmake_ros/cmake)
[1.427s] -- Using all available rosidl_typesupport_c: rosidl_typesupport_fastrtps_c;rosidl_typesupport_introspection_c
[1.535s] -- Using all available rosidl_typesupport_cpp: rosidl_typesupport_fastrtps_cpp;rosidl_typesupport_introspection_cpp
[1.607s] -- Found PythonInterp: /usr/bin/python3 (found suitable version "3.10.12", minimum required is "3.6") 
[1.608s] -- Found python_cmake_module: 0.10.0 (/opt/ros/humble/share/python_cmake_module/cmake)
[1.809s] -- Found PythonLibs: /usr/lib/x86_64-linux-gnu/libpython3.10.so (found suitable version "3.10.12", minimum required is "3.5") 
[1.809s] -- Using PYTHON_EXECUTABLE: /usr/bin/python3
[1.809s] -- Using PYTHON_INCLUDE_DIRS: /usr/include/python3.10
[1.809s] -- Using PYTHON_LIBRARIES: /usr/lib/x86_64-linux-gnu/libpython3.10.so
[1.819s] -- Found PythonExtra: .so  
[1.851s] -- Found ament_lint_auto: 0.12.9 (/opt/ros/humble/share/ament_lint_auto/cmake)
[1.866s] -- Added test 'lint_cmake' to check CMake code style
[1.867s] -- Added test 'xmllint' to check XML markup files
[1.868s] -- Configuring done
[1.883s] -- Generating done
[1.884s] -- Build files have been written to: /home/yungoon/ros2_study/build/my_first_package_msgs
[1.887s] Invoked command in '/home/yungoon/ros2_study/build/my_first_package_msgs' returned '0': CMAKE_PREFIX_PATH=/home/yungoon/ros2_study/install/my_first_package:/opt/ros/humble /usr/bin/cmake /home/yungoon/ros2_study/src/my_first_package_msgs -DCMAKE_INSTALL_PREFIX=/home/yungoon/ros2_study/install/my_first_package_msgs
[1.888s] Invoking command in '/home/yungoon/ros2_study/build/my_first_package_msgs': CMAKE_PREFIX_PATH=/home/yungoon/ros2_study/install/my_first_package:/opt/ros/humble /usr/bin/cmake --build /home/yungoon/ros2_study/build/my_first_package_msgs -- -j24 -l24
[1.903s] [  3%] [34m[1mGenerating C code for ROS interfaces[0m
[1.907s] [  6%] [34m[1mGenerating C++ code for ROS interfaces[0m
[1.912s] [  6%] Built target ament_cmake_python_copy_my_first_package_msgs
[2.021s] running egg_info
[2.021s] creating my_first_package_msgs.egg-info
[2.022s] writing my_first_package_msgs.egg-info/PKG-INFO
[2.022s] writing dependency_links to my_first_package_msgs.egg-info/dependency_links.txt
[2.022s] writing top-level names to my_first_package_msgs.egg-info/top_level.txt
[2.022s] writing manifest file 'my_first_package_msgs.egg-info/SOURCES.txt'
[2.024s] reading manifest file 'my_first_package_msgs.egg-info/SOURCES.txt'
[2.024s] writing manifest file 'my_first_package_msgs.egg-info/SOURCES.txt'
[2.031s] [  6%] Built target my_first_package_msgs__cpp
[2.035s] [ 12%] [34m[1mGenerating C++ type support for eProsima Fast-RTPS[0m
[2.035s] [ 12%] [34m[1mGenerating C++ introspection for ROS interfaces[0m
[2.036s] [ 16%] [34m[1mGenerating C++ type support dispatch for ROS interfaces[0m
[2.044s] [ 16%] Built target ament_cmake_python_build_my_first_package_msgs_egg
[2.045s] [ 19%] [32mBuilding C object CMakeFiles/my_first_package_msgs__rosidl_generator_c.dir/rosidl_generator_c/my_first_package_msgs/msg/detail/cmd_and_pose_vel__functions.c.o[0m
[2.091s] [ 22%] [32m[1mLinking C shared library libmy_first_package_msgs__rosidl_generator_c.so[0m
[2.139s] [ 25%] [32mBuilding CXX object CMakeFiles/my_first_package_msgs__rosidl_typesupport_cpp.dir/rosidl_typesupport_cpp/my_first_package_msgs/msg/cmd_and_pose_vel__type_support.cpp.o[0m
[2.148s] [ 25%] Built target my_first_package_msgs__rosidl_generator_c
[2.149s] [ 29%] [32mBuilding CXX object CMakeFiles/my_first_package_msgs__rosidl_typesupport_fastrtps_cpp.dir/rosidl_typesupport_fastrtps_cpp/my_first_package_msgs/msg/detail/dds_fastrtps/cmd_and_pose_vel__type_support.cpp.o[0m
[2.149s] [ 32%] [32mBuilding CXX object CMakeFiles/my_first_package_msgs__rosidl_typesupport_introspection_cpp.dir/rosidl_typesupport_introspection_cpp/my_first_package_msgs/msg/detail/cmd_and_pose_vel__type_support.cpp.o[0m
[2.152s] [ 35%] [34m[1mGenerating C introspection for ROS interfaces[0m
[2.152s] [ 38%] [34m[1mGenerating C type support for eProsima Fast-RTPS[0m
[2.152s] [ 41%] [34m[1mGenerating C type support dispatch for ROS interfaces[0m
[2.256s] [ 45%] [32mBuilding CXX object CMakeFiles/my_first_package_msgs__rosidl_typesupport_c.dir/rosidl_typesupport_c/my_first_package_msgs/msg/cmd_and_pose_vel__type_support.cpp.o[0m
[2.265s] [ 48%] [32mBuilding CXX object CMakeFiles/my_first_package_msgs__rosidl_typesupport_fastrtps_c.dir/rosidl_typesupport_fastrtps_c/my_first_package_msgs/msg/detail/cmd_and_pose_vel__type_support_c.cpp.o[0m
[2.266s] [ 51%] [32mBuilding C object CMakeFiles/my_first_package_msgs__rosidl_typesupport_introspection_c.dir/rosidl_typesupport_introspection_c/my_first_package_msgs/msg/detail/cmd_and_pose_vel__type_support.c.o[0m
[2.270s] [ 54%] [32m[1mLinking CXX shared library libmy_first_package_msgs__rosidl_typesupport_c.so[0m
[2.281s] [ 58%] [32m[1mLinking C shared library libmy_first_package_msgs__rosidl_typesupport_introspection_c.so[0m
[2.292s] [ 61%] [32m[1mLinking CXX shared library libmy_first_package_msgs__rosidl_typesupport_cpp.so[0m
[2.336s] [ 61%] Built target my_first_package_msgs__rosidl_typesupport_c
[2.346s] [ 64%] [32m[1mLinking CXX shared library libmy_first_package_msgs__rosidl_typesupport_introspection_cpp.so[0m
[2.348s] [ 64%] Built target my_first_package_msgs__rosidl_typesupport_introspection_c
[2.349s] [ 67%] [32m[1mLinking CXX shared library libmy_first_package_msgs__rosidl_typesupport_fastrtps_cpp.so[0m
[2.359s] [ 67%] Built target my_first_package_msgs__rosidl_typesupport_cpp
[2.398s] [ 67%] Built target my_first_package_msgs__rosidl_typesupport_introspection_cpp
[2.412s] [ 67%] Built target my_first_package_msgs__rosidl_typesupport_fastrtps_cpp
[2.414s] [ 70%] [32m[1mLinking CXX shared library libmy_first_package_msgs__rosidl_typesupport_fastrtps_c.so[0m
[2.474s] [ 70%] Built target my_first_package_msgs__rosidl_typesupport_fastrtps_c
[2.482s] [ 70%] Built target my_first_package_msgs
[2.489s] [ 74%] [34m[1mGenerating Python code for ROS interfaces[0m
[2.621s] [ 74%] Built target my_first_package_msgs__py
[2.628s] [ 77%] [32mBuilding C object CMakeFiles/my_first_package_msgs__rosidl_generator_py.dir/rosidl_generator_py/my_first_package_msgs/msg/_cmd_and_pose_vel_s.c.o[0m
[2.699s] [ 80%] [32m[1mLinking C shared library rosidl_generator_py/my_first_package_msgs/libmy_first_package_msgs__rosidl_generator_py.so[0m
[2.754s] [ 80%] Built target my_first_package_msgs__rosidl_generator_py
[2.761s] [ 83%] [32mBuilding C object CMakeFiles/my_first_package_msgs__rosidl_typesupport_fastrtps_c__pyext.dir/rosidl_generator_py/my_first_package_msgs/_my_first_package_msgs_s.ep.rosidl_typesupport_fastrtps_c.c.o[0m
[2.761s] [ 87%] [32mBuilding C object CMakeFiles/my_first_package_msgs__rosidl_typesupport_introspection_c__pyext.dir/rosidl_generator_py/my_first_package_msgs/_my_first_package_msgs_s.ep.rosidl_typesupport_introspection_c.c.o[0m
[2.763s] [ 90%] [32mBuilding C object CMakeFiles/my_first_package_msgs__rosidl_typesupport_c__pyext.dir/rosidl_generator_py/my_first_package_msgs/_my_first_package_msgs_s.ep.rosidl_typesupport_c.c.o[0m
[2.804s] [100%] [32m[1mLinking C shared library rosidl_generator_py/my_first_package_msgs/my_first_package_msgs_s__rosidl_typesupport_fastrtps_c.cpython-310-x86_64-linux-gnu.so[0m
[2.805s] [100%] [32m[1mLinking C shared library rosidl_generator_py/my_first_package_msgs/my_first_package_msgs_s__rosidl_typesupport_introspection_c.cpython-310-x86_64-linux-gnu.so[0m
[2.805s] [100%] [32m[1mLinking C shared library rosidl_generator_py/my_first_package_msgs/my_first_package_msgs_s__rosidl_typesupport_c.cpython-310-x86_64-linux-gnu.so[0m
[2.844s] [100%] Built target my_first_package_msgs__rosidl_typesupport_c__pyext
[2.844s] [100%] Built target my_first_package_msgs__rosidl_typesupport_fastrtps_c__pyext
[2.845s] [100%] Built target my_first_package_msgs__rosidl_typesupport_introspection_c__pyext
[2.849s] Invoked command in '/home/yungoon/ros2_study/build/my_first_package_msgs' returned '0': CMAKE_PREFIX_PATH=/home/yungoon/ros2_study/install/my_first_package:/opt/ros/humble /usr/bin/cmake --build /home/yungoon/ros2_study/build/my_first_package_msgs -- -j24 -l24
[2.875s] Invoking command in '/home/yungoon/ros2_study/build/my_first_package_msgs': CMAKE_PREFIX_PATH=/home/yungoon/ros2_study/install/my_first_package:/opt/ros/humble /usr/bin/cmake --install /home/yungoon/ros2_study/build/my_first_package_msgs
[2.878s] -- Install configuration: ""
[2.878s] -- Installing: /home/yungoon/ros2_study/install/my_first_package_msgs/share/ament_index/resource_index/rosidl_interfaces/my_first_package_msgs
[2.878s] -- Installing: /home/yungoon/ros2_study/install/my_first_package_msgs/include/my_first_package_msgs/my_first_package_msgs
[2.878s] -- Installing: /home/yungoon/ros2_study/install/my_first_package_msgs/include/my_first_package_msgs/my_first_package_msgs/msg
[2.878s] -- Installing: /home/yungoon/ros2_study/install/my_first_package_msgs/include/my_first_package_msgs/my_first_package_msgs/msg/cmd_and_pose_vel.h
[2.879s] -- Installing: /home/yungoon/ros2_study/install/my_first_package_msgs/include/my_first_package_msgs/my_first_package_msgs/msg/rosidl_generator_c__visibility_control.h
[2.879s] -- Installing: /home/yungoon/ros2_study/install/my_first_package_msgs/include/my_first_package_msgs/my_first_package_msgs/msg/detail
[2.879s] -- Installing: /home/yungoon/ros2_study/install/my_first_package_msgs/include/my_first_package_msgs/my_first_package_msgs/msg/detail/cmd_and_pose_vel__functions.c
[2.879s] -- Installing: /home/yungoon/ros2_study/install/my_first_package_msgs/include/my_first_package_msgs/my_first_package_msgs/msg/detail/cmd_and_pose_vel__functions.h
[2.879s] -- Installing: /home/yungoon/ros2_study/install/my_first_package_msgs/include/my_first_package_msgs/my_first_package_msgs/msg/detail/cmd_and_pose_vel__type_support.h
[2.879s] -- Installing: /home/yungoon/ros2_study/install/my_first_package_msgs/include/my_first_package_msgs/my_first_package_msgs/msg/detail/cmd_and_pose_vel__struct.h
[2.879s] -- Installing: /home/yungoon/ros2_study/install/my_first_package_msgs/share/my_first_package_msgs/environment/library_path.sh
[2.879s] -- Installing: /home/yungoon/ros2_study/install/my_first_package_msgs/share/my_first_package_msgs/environment/library_path.dsv
[2.879s] -- Installing: /home/yungoon/ros2_study/install/my_first_package_msgs/lib/libmy_first_package_msgs__rosidl_generator_c.so
[2.879s] -- Set runtime path of "/home/yungoon/ros2_study/install/my_first_package_msgs/lib/libmy_first_package_msgs__rosidl_generator_c.so" to ""
[2.879s] -- Up-to-date: /home/yungoon/ros2_study/install/my_first_package_msgs/include/my_first_package_msgs/my_first_package_msgs
[2.879s] -- Up-to-date: /home/yungoon/ros2_study/install/my_first_package_msgs/include/my_first_package_msgs/my_first_package_msgs/msg
[2.879s] -- Installing: /home/yungoon/ros2_study/install/my_first_package_msgs/include/my_first_package_msgs/my_first_package_msgs/msg/rosidl_typesupport_fastrtps_c__visibility_control.h
[2.879s] -- Up-to-date: /home/yungoon/ros2_study/install/my_first_package_msgs/include/my_first_package_msgs/my_first_package_msgs/msg/detail
[2.879s] -- Installing: /home/yungoon/ros2_study/install/my_first_package_msgs/include/my_first_package_msgs/my_first_package_msgs/msg/detail/cmd_and_pose_vel__rosidl_typesupport_fastrtps_c.h
[2.880s] -- Installing: /home/yungoon/ros2_study/install/my_first_package_msgs/lib/libmy_first_package_msgs__rosidl_typesupport_fastrtps_c.so
[2.880s] -- Set runtime path of "/home/yungoon/ros2_study/install/my_first_package_msgs/lib/libmy_first_package_msgs__rosidl_typesupport_fastrtps_c.so" to ""
[2.880s] -- Up-to-date: /home/yungoon/ros2_study/install/my_first_package_msgs/include/my_first_package_msgs/my_first_package_msgs
[2.880s] -- Up-to-date: /home/yungoon/ros2_study/install/my_first_package_msgs/include/my_first_package_msgs/my_first_package_msgs/msg
[2.880s] -- Up-to-date: /home/yungoon/ros2_study/install/my_first_package_msgs/include/my_first_package_msgs/my_first_package_msgs/msg/detail
[2.880s] -- Installing: /home/yungoon/ros2_study/install/my_first_package_msgs/include/my_first_package_msgs/my_first_package_msgs/msg/detail/cmd_and_pose_vel__type_support.c
[2.880s] -- Installing: /home/yungoon/ros2_study/install/my_first_package_msgs/include/my_first_package_msgs/my_first_package_msgs/msg/detail/cmd_and_pose_vel__rosidl_typesupport_introspection_c.h
[2.880s] -- Installing: /home/yungoon/ros2_study/install/my_first_package_msgs/include/my_first_package_msgs/my_first_package_msgs/msg/rosidl_typesupport_introspection_c__visibility_control.h
[2.880s] -- Installing: /home/yungoon/ros2_study/install/my_first_package_msgs/lib/libmy_first_package_msgs__rosidl_typesupport_introspection_c.so
[2.880s] -- Set runtime path of "/home/yungoon/ros2_study/install/my_first_package_msgs/lib/libmy_first_package_msgs__rosidl_typesupport_introspection_c.so" to ""
[2.880s] -- Installing: /home/yungoon/ros2_study/install/my_first_package_msgs/lib/libmy_first_package_msgs__rosidl_typesupport_c.so
[2.880s] -- Set runtime path of "/home/yungoon/ros2_study/install/my_first_package_msgs/lib/libmy_first_package_msgs__rosidl_typesupport_c.so" to ""
[2.880s] -- Up-to-date: /home/yungoon/ros2_study/install/my_first_package_msgs/include/my_first_package_msgs/my_first_package_msgs
[2.880s] -- Up-to-date: /home/yungoon/ros2_study/install/my_first_package_msgs/include/my_first_package_msgs/my_first_package_msgs/msg
[2.880s] -- Up-to-date: /home/yungoon/ros2_study/install/my_first_package_msgs/include/my_first_package_msgs/my_first_package_msgs/msg/detail
[2.881s] -- Installing: /home/yungoon/ros2_study/install/my_first_package_msgs/include/my_first_package_msgs/my_first_package_msgs/msg/detail/cmd_and_pose_vel__struct.hpp
[2.881s] -- Installing: /home/yungoon/ros2_study/install/my_first_package_msgs/include/my_first_package_msgs/my_first_package_msgs/msg/detail/cmd_and_pose_vel__builder.hpp
[2.881s] -- Installing: /home/yungoon/ros2_study/install/my_first_package_msgs/include/my_first_package_msgs/my_first_package_msgs/msg/detail/cmd_and_pose_vel__traits.hpp
[2.881s] -- Installing: /home/yungoon/ros2_study/install/my_first_package_msgs/include/my_first_package_msgs/my_first_package_msgs/msg/cmd_and_pose_vel.hpp
[2.881s] -- Up-to-date: /home/yungoon/ros2_study/install/my_first_package_msgs/include/my_first_package_msgs/my_first_package_msgs
[2.881s] -- Up-to-date: /home/yungoon/ros2_study/install/my_first_package_msgs/include/my_first_package_msgs/my_first_package_msgs/msg
[2.881s] -- Installing: /home/yungoon/ros2_study/install/my_first_package_msgs/include/my_first_package_msgs/my_first_package_msgs/msg/rosidl_typesupport_fastrtps_cpp__visibility_control.h
[2.881s] -- Up-to-date: /home/yungoon/ros2_study/install/my_first_package_msgs/include/my_first_package_msgs/my_first_package_msgs/msg/detail
[2.881s] -- Installing: /home/yungoon/ros2_study/install/my_first_package_msgs/include/my_first_package_msgs/my_first_package_msgs/msg/detail/cmd_and_pose_vel__rosidl_typesupport_fastrtps_cpp.hpp
[2.881s] -- Installing: /home/yungoon/ros2_study/install/my_first_package_msgs/include/my_first_package_msgs/my_first_package_msgs/msg/detail/dds_fastrtps
[2.881s] -- Installing: /home/yungoon/ros2_study/install/my_first_package_msgs/lib/libmy_first_package_msgs__rosidl_typesupport_fastrtps_cpp.so
[2.881s] -- Set runtime path of "/home/yungoon/ros2_study/install/my_first_package_msgs/lib/libmy_first_package_msgs__rosidl_typesupport_fastrtps_cpp.so" to ""
[2.881s] -- Up-to-date: /home/yungoon/ros2_study/install/my_first_package_msgs/include/my_first_package_msgs/my_first_package_msgs
[2.881s] -- Up-to-date: /home/yungoon/ros2_study/install/my_first_package_msgs/include/my_first_package_msgs/my_first_package_msgs/msg
[2.881s] -- Up-to-date: /home/yungoon/ros2_study/install/my_first_package_msgs/include/my_first_package_msgs/my_first_package_msgs/msg/detail
[2.882s] -- Installing: /home/yungoon/ros2_study/install/my_first_package_msgs/include/my_first_package_msgs/my_first_package_msgs/msg/detail/cmd_and_pose_vel__rosidl_typesupport_introspection_cpp.hpp
[2.882s] -- Installing: /home/yungoon/ros2_study/install/my_first_package_msgs/include/my_first_package_msgs/my_first_package_msgs/msg/detail/cmd_and_pose_vel__type_support.cpp
[2.882s] -- Installing: /home/yungoon/ros2_study/install/my_first_package_msgs/lib/libmy_first_package_msgs__rosidl_typesupport_introspection_cpp.so
[2.882s] -- Set runtime path of "/home/yungoon/ros2_study/install/my_first_package_msgs/lib/libmy_first_package_msgs__rosidl_typesupport_introspection_cpp.so" to ""
[2.882s] -- Installing: /home/yungoon/ros2_study/install/my_first_package_msgs/lib/libmy_first_package_msgs__rosidl_typesupport_cpp.so
[2.882s] -- Set runtime path of "/home/yungoon/ros2_study/install/my_first_package_msgs/lib/libmy_first_package_msgs__rosidl_typesupport_cpp.so" to ""
[2.882s] -- Installing: /home/yungoon/ros2_study/install/my_first_package_msgs/share/my_first_package_msgs/environment/pythonpath.sh
[2.882s] -- Installing: /home/yungoon/ros2_study/install/my_first_package_msgs/share/my_first_package_msgs/environment/pythonpath.dsv
[2.882s] -- Installing: /home/yungoon/ros2_study/install/my_first_package_msgs/local/lib/python3.10/dist-packages/my_first_package_msgs-0.0.0-py3.10.egg-info
[2.882s] -- Installing: /home/yungoon/ros2_study/install/my_first_package_msgs/local/lib/python3.10/dist-packages/my_first_package_msgs-0.0.0-py3.10.egg-info/PKG-INFO
[2.882s] -- Installing: /home/yungoon/ros2_study/install/my_first_package_msgs/local/lib/python3.10/dist-packages/my_first_package_msgs-0.0.0-py3.10.egg-info/top_level.txt
[2.882s] -- Installing: /home/yungoon/ros2_study/install/my_first_package_msgs/local/lib/python3.10/dist-packages/my_first_package_msgs-0.0.0-py3.10.egg-info/dependency_links.txt
[2.882s] -- Installing: /home/yungoon/ros2_study/install/my_first_package_msgs/local/lib/python3.10/dist-packages/my_first_package_msgs-0.0.0-py3.10.egg-info/SOURCES.txt
[2.882s] -- Installing: /home/yungoon/ros2_study/install/my_first_package_msgs/local/lib/python3.10/dist-packages/my_first_package_msgs
[2.882s] -- Installing: /home/yungoon/ros2_study/install/my_first_package_msgs/local/lib/python3.10/dist-packages/my_first_package_msgs/_my_first_package_msgs_s.ep.rosidl_typesupport_c.c
[2.882s] -- Installing: /home/yungoon/ros2_study/install/my_first_package_msgs/local/lib/python3.10/dist-packages/my_first_package_msgs/_my_first_package_msgs_s.ep.rosidl_typesupport_fastrtps_c.c
[2.882s] -- Installing: /home/yungoon/ros2_study/install/my_first_package_msgs/local/lib/python3.10/dist-packages/my_first_package_msgs/my_first_package_msgs_s__rosidl_typesupport_introspection_c.cpython-310-x86_64-linux-gnu.so
[2.882s] -- Installing: /home/yungoon/ros2_study/install/my_first_package_msgs/local/lib/python3.10/dist-packages/my_first_package_msgs/libmy_first_package_msgs__rosidl_generator_py.so
[2.882s] -- Installing: /home/yungoon/ros2_study/install/my_first_package_msgs/local/lib/python3.10/dist-packages/my_first_package_msgs/_my_first_package_msgs_s.ep.rosidl_typesupport_introspection_c.c
[2.882s] -- Installing: /home/yungoon/ros2_study/install/my_first_package_msgs/local/lib/python3.10/dist-packages/my_first_package_msgs/msg
[2.883s] -- Installing: /home/yungoon/ros2_study/install/my_first_package_msgs/local/lib/python3.10/dist-packages/my_first_package_msgs/msg/_cmd_and_pose_vel_s.c
[2.883s] -- Installing: /home/yungoon/ros2_study/install/my_first_package_msgs/local/lib/python3.10/dist-packages/my_first_package_msgs/msg/__init__.py
[2.883s] -- Installing: /home/yungoon/ros2_study/install/my_first_package_msgs/local/lib/python3.10/dist-packages/my_first_package_msgs/msg/_cmd_and_pose_vel.py
[2.883s] -- Installing: /home/yungoon/ros2_study/install/my_first_package_msgs/local/lib/python3.10/dist-packages/my_first_package_msgs/my_first_package_msgs_s__rosidl_typesupport_fastrtps_c.cpython-310-x86_64-linux-gnu.so
[2.883s] -- Installing: /home/yungoon/ros2_study/install/my_first_package_msgs/local/lib/python3.10/dist-packages/my_first_package_msgs/__init__.py
[2.883s] -- Installing: /home/yungoon/ros2_study/install/my_first_package_msgs/local/lib/python3.10/dist-packages/my_first_package_msgs/my_first_package_msgs_s__rosidl_typesupport_c.cpython-310-x86_64-linux-gnu.so
[2.899s] Listing '/home/yungoon/ros2_study/install/my_first_package_msgs/local/lib/python3.10/dist-packages/my_first_package_msgs'...
[2.899s] Compiling '/home/yungoon/ros2_study/install/my_first_package_msgs/local/lib/python3.10/dist-packages/my_first_package_msgs/__init__.py'...
[2.899s] Listing '/home/yungoon/ros2_study/install/my_first_package_msgs/local/lib/python3.10/dist-packages/my_first_package_msgs/msg'...
[2.899s] Compiling '/home/yungoon/ros2_study/install/my_first_package_msgs/local/lib/python3.10/dist-packages/my_first_package_msgs/msg/__init__.py'...
[2.899s] Compiling '/home/yungoon/ros2_study/install/my_first_package_msgs/local/lib/python3.10/dist-packages/my_first_package_msgs/msg/_cmd_and_pose_vel.py'...
[2.901s] -- Installing: /home/yungoon/ros2_study/install/my_first_package_msgs/local/lib/python3.10/dist-packages/my_first_package_msgs/my_first_package_msgs_s__rosidl_typesupport_fastrtps_c.cpython-310-x86_64-linux-gnu.so
[2.901s] -- Set runtime path of "/home/yungoon/ros2_study/install/my_first_package_msgs/local/lib/python3.10/dist-packages/my_first_package_msgs/my_first_package_msgs_s__rosidl_typesupport_fastrtps_c.cpython-310-x86_64-linux-gnu.so" to ""
[2.901s] -- Installing: /home/yungoon/ros2_study/install/my_first_package_msgs/local/lib/python3.10/dist-packages/my_first_package_msgs/my_first_package_msgs_s__rosidl_typesupport_introspection_c.cpython-310-x86_64-linux-gnu.so
[2.901s] -- Set runtime path of "/home/yungoon/ros2_study/install/my_first_package_msgs/local/lib/python3.10/dist-packages/my_first_package_msgs/my_first_package_msgs_s__rosidl_typesupport_introspection_c.cpython-310-x86_64-linux-gnu.so" to ""
[2.901s] -- Installing: /home/yungoon/ros2_study/install/my_first_package_msgs/local/lib/python3.10/dist-packages/my_first_package_msgs/my_first_package_msgs_s__rosidl_typesupport_c.cpython-310-x86_64-linux-gnu.so
[2.902s] -- Set runtime path of "/home/yungoon/ros2_study/install/my_first_package_msgs/local/lib/python3.10/dist-packages/my_first_package_msgs/my_first_package_msgs_s__rosidl_typesupport_c.cpython-310-x86_64-linux-gnu.so" to ""
[2.902s] -- Installing: /home/yungoon/ros2_study/install/my_first_package_msgs/lib/libmy_first_package_msgs__rosidl_generator_py.so
[2.902s] -- Set runtime path of "/home/yungoon/ros2_study/install/my_first_package_msgs/lib/libmy_first_package_msgs__rosidl_generator_py.so" to ""
[2.902s] -- Installing: /home/yungoon/ros2_study/install/my_first_package_msgs/share/my_first_package_msgs/msg/CmdAndPoseVel.idl
[2.902s] -- Installing: /home/yungoon/ros2_study/install/my_first_package_msgs/share/my_first_package_msgs/msg/CmdAndPoseVel.msg
[2.902s] -- Installing: /home/yungoon/ros2_study/install/my_first_package_msgs/share/ament_index/resource_index/package_run_dependencies/my_first_package_msgs
[2.902s] -- Installing: /home/yungoon/ros2_study/install/my_first_package_msgs/share/ament_index/resource_index/parent_prefix_path/my_first_package_msgs
[2.902s] -- Installing: /home/yungoon/ros2_study/install/my_first_package_msgs/share/my_first_package_msgs/environment/ament_prefix_path.sh
[2.902s] -- Installing: /home/yungoon/ros2_study/install/my_first_package_msgs/share/my_first_package_msgs/environment/ament_prefix_path.dsv
[2.902s] -- Installing: /home/yungoon/ros2_study/install/my_first_package_msgs/share/my_first_package_msgs/environment/path.sh
[2.902s] -- Installing: /home/yungoon/ros2_study/install/my_first_package_msgs/share/my_first_package_msgs/environment/path.dsv
[2.902s] -- Installing: /home/yungoon/ros2_study/install/my_first_package_msgs/share/my_first_package_msgs/local_setup.bash
[2.902s] -- Installing: /home/yungoon/ros2_study/install/my_first_package_msgs/share/my_first_package_msgs/local_setup.sh
[2.902s] -- Installing: /home/yungoon/ros2_study/install/my_first_package_msgs/share/my_first_package_msgs/local_setup.zsh
[2.902s] -- Installing: /home/yungoon/ros2_study/install/my_first_package_msgs/share/my_first_package_msgs/local_setup.dsv
[2.903s] -- Installing: /home/yungoon/ros2_study/install/my_first_package_msgs/share/my_first_package_msgs/package.dsv
[2.903s] -- Installing: /home/yungoon/ros2_study/install/my_first_package_msgs/share/ament_index/resource_index/packages/my_first_package_msgs
[2.903s] -- Installing: /home/yungoon/ros2_study/install/my_first_package_msgs/share/my_first_package_msgs/cmake/export_my_first_package_msgs__rosidl_generator_cExport.cmake
[2.903s] -- Installing: /home/yungoon/ros2_study/install/my_first_package_msgs/share/my_first_package_msgs/cmake/export_my_first_package_msgs__rosidl_generator_cExport-noconfig.cmake
[2.903s] -- Installing: /home/yungoon/ros2_study/install/my_first_package_msgs/share/my_first_package_msgs/cmake/export_my_first_package_msgs__rosidl_typesupport_fastrtps_cExport.cmake
[2.903s] -- Installing: /home/yungoon/ros2_study/install/my_first_package_msgs/share/my_first_package_msgs/cmake/export_my_first_package_msgs__rosidl_typesupport_fastrtps_cExport-noconfig.cmake
[2.903s] -- Installing: /home/yungoon/ros2_study/install/my_first_package_msgs/share/my_first_package_msgs/cmake/my_first_package_msgs__rosidl_typesupport_introspection_cExport.cmake
[2.903s] -- Installing: /home/yungoon/ros2_study/install/my_first_package_msgs/share/my_first_package_msgs/cmake/my_first_package_msgs__rosidl_typesupport_introspection_cExport-noconfig.cmake
[2.903s] -- Installing: /home/yungoon/ros2_study/install/my_first_package_msgs/share/my_first_package_msgs/cmake/my_first_package_msgs__rosidl_typesupport_cExport.cmake
[2.903s] -- Installing: /home/yungoon/ros2_study/install/my_first_package_msgs/share/my_first_package_msgs/cmake/my_first_package_msgs__rosidl_typesupport_cExport-noconfig.cmake
[2.903s] -- Installing: /home/yungoon/ros2_study/install/my_first_package_msgs/share/my_first_package_msgs/cmake/export_my_first_package_msgs__rosidl_generator_cppExport.cmake
[2.903s] -- Installing: /home/yungoon/ros2_study/install/my_first_package_msgs/share/my_first_package_msgs/cmake/export_my_first_package_msgs__rosidl_typesupport_fastrtps_cppExport.cmake
[2.903s] -- Installing: /home/yungoon/ros2_study/install/my_first_package_msgs/share/my_first_package_msgs/cmake/export_my_first_package_msgs__rosidl_typesupport_fastrtps_cppExport-noconfig.cmake
[2.903s] -- Installing: /home/yungoon/ros2_study/install/my_first_package_msgs/share/my_first_package_msgs/cmake/my_first_package_msgs__rosidl_typesupport_introspection_cppExport.cmake
[2.903s] -- Installing: /home/yungoon/ros2_study/install/my_first_package_msgs/share/my_first_package_msgs/cmake/my_first_package_msgs__rosidl_typesupport_introspection_cppExport-noconfig.cmake
[2.904s] -- Installing: /home/yungoon/ros2_study/install/my_first_package_msgs/share/my_first_package_msgs/cmake/my_first_package_msgs__rosidl_typesupport_cppExport.cmake
[2.904s] -- Installing: /home/yungoon/ros2_study/install/my_first_package_msgs/share/my_first_package_msgs/cmake/my_first_package_msgs__rosidl_typesupport_cppExport-noconfig.cmake
[2.904s] -- Installing: /home/yungoon/ros2_study/install/my_first_package_msgs/share/my_first_package_msgs/cmake/export_my_first_package_msgs__rosidl_generator_pyExport.cmake
[2.904s] -- Installing: /home/yungoon/ros2_study/install/my_first_package_msgs/share/my_first_package_msgs/cmake/export_my_first_package_msgs__rosidl_generator_pyExport-noconfig.cmake
[2.904s] -- Installing: /home/yungoon/ros2_study/install/my_first_package_msgs/share/my_first_package_msgs/cmake/rosidl_cmake-extras.cmake
[2.904s] -- Installing: /home/yungoon/ros2_study/install/my_first_package_msgs/share/my_first_package_msgs/cmake/ament_cmake_export_include_directories-extras.cmake
[2.904s] -- Installing: /home/yungoon/ros2_study/install/my_first_package_msgs/share/my_first_package_msgs/cmake/ament_cmake_export_libraries-extras.cmake
[2.904s] -- Installing: /home/yungoon/ros2_study/install/my_first_package_msgs/share/my_first_package_msgs/cmake/ament_cmake_export_targets-extras.cmake
[2.904s] -- Installing: /home/yungoon/ros2_study/install/my_first_package_msgs/share/my_first_package_msgs/cmake/rosidl_cmake_export_typesupport_targets-extras.cmake
[2.904s] -- Installing: /home/yungoon/ros2_study/install/my_first_package_msgs/share/my_first_package_msgs/cmake/ament_cmake_export_dependencies-extras.cmake
[2.904s] -- Installing: /home/yungoon/ros2_study/install/my_first_package_msgs/share/my_first_package_msgs/cmake/rosidl_cmake_export_typesupport_libraries-extras.cmake
[2.904s] -- Installing: /home/yungoon/ros2_study/install/my_first_package_msgs/share/my_first_package_msgs/cmake/my_first_package_msgsConfig.cmake
[2.904s] -- Installing: /home/yungoon/ros2_study/install/my_first_package_msgs/share/my_first_package_msgs/cmake/my_first_package_msgsConfig-version.cmake
[2.904s] -- Installing: /home/yungoon/ros2_study/install/my_first_package_msgs/share/my_first_package_msgs/package.xml
[2.905s] Invoked command in '/home/yungoon/ros2_study/build/my_first_package_msgs' returned '0': CMAKE_PREFIX_PATH=/home/yungoon/ros2_study/install/my_first_package:/opt/ros/humble /usr/bin/cmake --install /home/yungoon/ros2_study/build/my_first_package_msgs
