[0.360s] Invoking command in '/home/yungoon/ros2_study/src/my_first_package': PYTHONPATH=/home/yungoon/ros2_study/build/my_first_package/prefix_override:/home/yungoon/ros2_study/install/my_first_package/lib/python3.10/site-packages:${PYTHONPATH} WSLENV=ELECTRON_RUN_AS_NODE/w: /usr/bin/python3 setup.py egg_info --egg-base ../../build/my_first_package build --build-base /home/yungoon/ros2_study/build/my_first_package/build install --record /home/yungoon/ros2_study/build/my_first_package/install.log --single-version-externally-managed
[0.459s] running egg_info
[0.459s] creating ../../build/my_first_package/my_first_package.egg-info
[0.459s] writing ../../build/my_first_package/my_first_package.egg-info/PKG-INFO
[0.459s] writing dependency_links to ../../build/my_first_package/my_first_package.egg-info/dependency_links.txt
[0.459s] writing entry points to ../../build/my_first_package/my_first_package.egg-info/entry_points.txt
[0.459s] writing requirements to ../../build/my_first_package/my_first_package.egg-info/requires.txt
[0.459s] writing top-level names to ../../build/my_first_package/my_first_package.egg-info/top_level.txt
[0.460s] writing manifest file '../../build/my_first_package/my_first_package.egg-info/SOURCES.txt'
[0.460s] reading manifest file '../../build/my_first_package/my_first_package.egg-info/SOURCES.txt'
[0.461s] writing manifest file '../../build/my_first_package/my_first_package.egg-info/SOURCES.txt'
[0.461s] running build
[0.461s] running build_py
[0.461s] creating /home/yungoon/ros2_study/build/my_first_package/build
[0.461s] creating /home/yungoon/ros2_study/build/my_first_package/build/lib
[0.461s] creating /home/yungoon/ros2_study/build/my_first_package/build/lib/my_first_package
[0.461s] copying my_first_package/my_first_node.py -> /home/yungoon/ros2_study/build/my_first_package/build/lib/my_first_package
[0.461s] copying my_first_package/__init__.py -> /home/yungoon/ros2_study/build/my_first_package/build/lib/my_first_package
[0.461s] copying my_first_package/my_subscriber.py -> /home/yungoon/ros2_study/build/my_first_package/build/lib/my_first_package
[0.461s] running install
[0.462s] /usr/lib/python3/dist-packages/setuptools/command/install.py:34: SetuptoolsDeprecationWarning: setup.py install is deprecated. Use build and pip and other standards-based tools.
[0.462s]   warnings.warn(
[0.462s] running install_lib
[0.462s] creating /home/yungoon/ros2_study/install/my_first_package/lib/python3.10/site-packages/my_first_package
[0.462s] copying /home/yungoon/ros2_study/build/my_first_package/build/lib/my_first_package/my_first_node.py -> /home/yungoon/ros2_study/install/my_first_package/lib/python3.10/site-packages/my_first_package
[0.462s] copying /home/yungoon/ros2_study/build/my_first_package/build/lib/my_first_package/__init__.py -> /home/yungoon/ros2_study/install/my_first_package/lib/python3.10/site-packages/my_first_package
[0.462s] copying /home/yungoon/ros2_study/build/my_first_package/build/lib/my_first_package/my_subscriber.py -> /home/yungoon/ros2_study/install/my_first_package/lib/python3.10/site-packages/my_first_package
[0.462s] byte-compiling /home/yungoon/ros2_study/install/my_first_package/lib/python3.10/site-packages/my_first_package/my_first_node.py to my_first_node.cpython-310.pyc
[0.462s] byte-compiling /home/yungoon/ros2_study/install/my_first_package/lib/python3.10/site-packages/my_first_package/__init__.py to __init__.cpython-310.pyc
[0.463s] byte-compiling /home/yungoon/ros2_study/install/my_first_package/lib/python3.10/site-packages/my_first_package/my_subscriber.py to my_subscriber.cpython-310.pyc
[0.463s] running install_data
[0.463s] creating /home/yungoon/ros2_study/install/my_first_package/share/ament_index
[0.463s] creating /home/yungoon/ros2_study/install/my_first_package/share/ament_index/resource_index
[0.463s] creating /home/yungoon/ros2_study/install/my_first_package/share/ament_index/resource_index/packages
[0.463s] copying resource/my_first_package -> /home/yungoon/ros2_study/install/my_first_package/share/ament_index/resource_index/packages
[0.463s] copying package.xml -> /home/yungoon/ros2_study/install/my_first_package/share/my_first_package
[0.463s] running install_egg_info
[0.464s] Copying ../../build/my_first_package/my_first_package.egg-info to /home/yungoon/ros2_study/install/my_first_package/lib/python3.10/site-packages/my_first_package-0.0.0-py3.10.egg-info
[0.464s] running install_scripts
[0.474s] Installing my_first_node script to /home/yungoon/ros2_study/install/my_first_package/lib/my_first_package
[0.474s] Installing my_subscriber script to /home/yungoon/ros2_study/install/my_first_package/lib/my_first_package
[0.474s] writing list of installed files to '/home/yungoon/ros2_study/build/my_first_package/install.log'
[0.485s] Invoked command in '/home/yungoon/ros2_study/src/my_first_package' returned '0': PYTHONPATH=/home/yungoon/ros2_study/build/my_first_package/prefix_override:/home/yungoon/ros2_study/install/my_first_package/lib/python3.10/site-packages:${PYTHONPATH} WSLENV=ELECTRON_RUN_AS_NODE/w: /usr/bin/python3 setup.py egg_info --egg-base ../../build/my_first_package build --build-base /home/yungoon/ros2_study/build/my_first_package/build install --record /home/yungoon/ros2_study/build/my_first_package/install.log --single-version-externally-managed
