[0.370s] Invoking command in '/home/yungoon/ros2_study/src/my_first_package': PYTHONPATH=/home/yungoon/ros2_study/build/my_first_package/prefix_override:/home/yungoon/ros2_study/install/my_first_package/lib/python3.10/site-packages:${PYTHONPATH} /usr/bin/python3 setup.py egg_info --egg-base ../../build/my_first_package build --build-base /home/yungoon/ros2_study/build/my_first_package/build install --record /home/yungoon/ros2_study/build/my_first_package/install.log --single-version-externally-managed
[0.471s] running egg_info
[0.471s] writing ../../build/my_first_package/my_first_package.egg-info/PKG-INFO
[0.471s] writing dependency_links to ../../build/my_first_package/my_first_package.egg-info/dependency_links.txt
[0.471s] writing entry points to ../../build/my_first_package/my_first_package.egg-info/entry_points.txt
[0.471s] writing requirements to ../../build/my_first_package/my_first_package.egg-info/requires.txt
[0.471s] writing top-level names to ../../build/my_first_package/my_first_package.egg-info/top_level.txt
[0.472s] reading manifest file '../../build/my_first_package/my_first_package.egg-info/SOURCES.txt'
[0.472s] writing manifest file '../../build/my_first_package/my_first_package.egg-info/SOURCES.txt'
[0.473s] running build
[0.473s] running build_py
[0.473s] copying my_first_package/my_multi_thread.py -> /home/yungoon/ros2_study/build/my_first_package/build/lib/my_first_package
[0.473s] /usr/lib/python3/dist-packages/setuptools/command/install.py:34: SetuptoolsDeprecationWarning: setup.py install is deprecated. Use build and pip and other standards-based tools.
[0.473s]   warnings.warn(
[0.473s] running install
[0.473s] running install_lib
[0.473s] copying /home/yungoon/ros2_study/build/my_first_package/build/lib/my_first_package/my_multi_thread.py -> /home/yungoon/ros2_study/install/my_first_package/lib/python3.10/site-packages/my_first_package
[0.474s] byte-compiling /home/yungoon/ros2_study/install/my_first_package/lib/python3.10/site-packages/my_first_package/my_multi_thread.py to my_multi_thread.cpython-310.pyc
[0.474s] running install_data
[0.474s] running install_egg_info
[0.475s] removing '/home/yungoon/ros2_study/install/my_first_package/lib/python3.10/site-packages/my_first_package-0.0.0-py3.10.egg-info' (and everything under it)
[0.475s] Copying ../../build/my_first_package/my_first_package.egg-info to /home/yungoon/ros2_study/install/my_first_package/lib/python3.10/site-packages/my_first_package-0.0.0-py3.10.egg-info
[0.475s] running install_scripts
[0.485s] Installing dist_turtle_action_server script to /home/yungoon/ros2_study/install/my_first_package/lib/my_first_package
[0.486s] Installing my_first_node script to /home/yungoon/ros2_study/install/my_first_package/lib/my_first_package
[0.486s] Installing my_multi_thread script to /home/yungoon/ros2_study/install/my_first_package/lib/my_first_package
[0.486s] Installing my_pubilsher script to /home/yungoon/ros2_study/install/my_first_package/lib/my_first_package
[0.486s] Installing my_service_server script to /home/yungoon/ros2_study/install/my_first_package/lib/my_first_package
[0.486s] Installing my_subscriber script to /home/yungoon/ros2_study/install/my_first_package/lib/my_first_package
[0.486s] writing list of installed files to '/home/yungoon/ros2_study/build/my_first_package/install.log'
[0.528s] Invoked command in '/home/yungoon/ros2_study/src/my_first_package' returned '0': PYTHONPATH=/home/yungoon/ros2_study/build/my_first_package/prefix_override:/home/yungoon/ros2_study/install/my_first_package/lib/python3.10/site-packages:${PYTHONPATH} /usr/bin/python3 setup.py egg_info --egg-base ../../build/my_first_package build --build-base /home/yungoon/ros2_study/build/my_first_package/build install --record /home/yungoon/ros2_study/build/my_first_package/install.log --single-version-externally-managed
